0 info it worked if it ends with ok
1 verbose cli [ 'C:\\Program Files\\nodejs\\node.exe',
1 verbose cli   'C:\\Program Files\\nodejs\\node_modules\\npm\\bin\\npm-cli.js',
1 verbose cli   'install',
1 verbose cli   'fakeloader' ]
2 info using npm@2.15.8
3 info using node@v4.4.7
4 verbose install initial load of c:\Users\stase\Documents\Msa-module-1-website\package.json
5 verbose installManyTop reading scoped package data from c:\Users\stase\Documents\Msa-module-1-website\node_modules\bootstrap\package.json
6 verbose installManyTop reading scoped package data from c:\Users\stase\Documents\Msa-module-1-website\node_modules\jquery\package.json
7 verbose installManyTop reading scoped package data from c:\Users\stase\Documents\Msa-module-1-website\node_modules\sweetalert\package.json
8 verbose readDependencies loading dependencies from c:\Users\stase\Documents\Msa-module-1-website\package.json
9 silly cache add args [ 'fakeloader', null ]
10 verbose cache add spec fakeloader
11 silly cache add parsed spec Result {
11 silly cache add   raw: 'fakeloader',
11 silly cache add   scope: null,
11 silly cache add   name: 'fakeloader',
11 silly cache add   rawSpec: '',
11 silly cache add   spec: 'latest',
11 silly cache add   type: 'tag' }
12 silly addNamed fakeloader@latest
13 verbose addNamed "latest" is being treated as a dist-tag for fakeloader
14 info addNameTag [ 'fakeloader', 'latest' ]
15 silly mapToRegistry name fakeloader
16 silly mapToRegistry using default registry
17 silly mapToRegistry registry https://registry.npmjs.org/
18 silly mapToRegistry data Result {
18 silly mapToRegistry   raw: 'fakeloader',
18 silly mapToRegistry   scope: null,
18 silly mapToRegistry   name: 'fakeloader',
18 silly mapToRegistry   rawSpec: '',
18 silly mapToRegistry   spec: 'latest',
18 silly mapToRegistry   type: 'tag' }
19 silly mapToRegistry uri https://registry.npmjs.org/fakeloader
20 verbose addNameTag registry:https://registry.npmjs.org/fakeloader not in flight; fetching
21 verbose request uri https://registry.npmjs.org/fakeloader
22 verbose request no auth needed
23 info attempt registry request try #1 at 4:33:28 PM
24 verbose request id 85d2614a8c503a49
25 http request GET https://registry.npmjs.org/fakeloader
26 http 404 https://registry.npmjs.org/fakeloader
27 verbose headers { 'content-type': 'application/json',
27 verbose headers   'cache-control': 'max-age=0',
27 verbose headers   'content-length': '2',
27 verbose headers   'accept-ranges': 'bytes',
27 verbose headers   date: 'Sat, 10 Sep 2016 04:33:27 GMT',
27 verbose headers   via: '1.1 varnish',
27 verbose headers   age: '0',
27 verbose headers   connection: 'keep-alive',
27 verbose headers   'x-served-by': 'cache-syd1620-SYD',
27 verbose headers   'x-cache': 'MISS',
27 verbose headers   'x-cache-hits': '0',
27 verbose headers   'x-timer': 'S1473482007.752011,VS0,VE235',
27 verbose headers   vary: 'Accept-Encoding' }
28 silly get cb [ 404,
28 silly get   { 'content-type': 'application/json',
28 silly get     'cache-control': 'max-age=0',
28 silly get     'content-length': '2',
28 silly get     'accept-ranges': 'bytes',
28 silly get     date: 'Sat, 10 Sep 2016 04:33:27 GMT',
28 silly get     via: '1.1 varnish',
28 silly get     age: '0',
28 silly get     connection: 'keep-alive',
28 silly get     'x-served-by': 'cache-syd1620-SYD',
28 silly get     'x-cache': 'MISS',
28 silly get     'x-cache-hits': '0',
28 silly get     'x-timer': 'S1473482007.752011,VS0,VE235',
28 silly get     vary: 'Accept-Encoding' } ]
29 verbose stack Error: Registry returned 404 for GET on https://registry.npmjs.org/fakeloader
29 verbose stack     at makeError (C:\Program Files\nodejs\node_modules\npm\node_modules\npm-registry-client\lib\request.js:264:12)
29 verbose stack     at CachingRegistryClient.<anonymous> (C:\Program Files\nodejs\node_modules\npm\node_modules\npm-registry-client\lib\request.js:242:14)
29 verbose stack     at Request._callback (C:\Program Files\nodejs\node_modules\npm\node_modules\npm-registry-client\lib\request.js:172:14)
29 verbose stack     at Request.self.callback (C:\Program Files\nodejs\node_modules\npm\node_modules\request\request.js:200:22)
29 verbose stack     at emitTwo (events.js:87:13)
29 verbose stack     at Request.emit (events.js:172:7)
29 verbose stack     at Request.<anonymous> (C:\Program Files\nodejs\node_modules\npm\node_modules\request\request.js:1067:10)
29 verbose stack     at emitOne (events.js:82:20)
29 verbose stack     at Request.emit (events.js:169:7)
29 verbose stack     at IncomingMessage.<anonymous> (C:\Program Files\nodejs\node_modules\npm\node_modules\request\request.js:988:12)
30 verbose statusCode 404
31 verbose pkgid fakeloader
32 verbose cwd c:\Users\stase\Documents\Msa-module-1-website
33 error Windows_NT 10.0.14393
34 error argv "C:\\Program Files\\nodejs\\node.exe" "C:\\Program Files\\nodejs\\node_modules\\npm\\bin\\npm-cli.js" "install" "fakeloader"
35 error node v4.4.7
36 error npm  v2.15.8
37 error code E404
38 error 404 Registry returned 404 for GET on https://registry.npmjs.org/fakeloader
38 error 404
38 error 404 'fakeloader' is not in the npm registry.
38 error 404 You should bug the author to publish it (or use the name yourself!)
38 error 404
38 error 404 Note that you can also install from a
38 error 404 tarball, folder, http url, or git url.
39 verbose exit [ 1, true ]
